build/app/intermediates/manifest_merge_blame_file/debug/manifest-merger-blame-debug-report.txt
1<?xml version="1.0" encoding="utf-8"?>
2<manifest xmlns:android="http://schemas.android.com/apk/res/android"
3    package="com.example.ccbyalu"
4    android:versionCode="1"
5    android:versionName="1.0.0" >
6
7    <uses-sdk
8        android:minSdkVersion="21"
9        android:targetSdkVersion="30" />
10    <!--
11         Flutter needs it to communicate with the running application
12         to allow setting breakpoints, to provide hot reload, etc.
13    -->
14    <uses-permission android:name="android.permission.INTERNET" />
14-->src\debug\AndroidManifest.xml:6:5-66
14-->src\debug\AndroidManifest.xml:6:22-64
15    <uses-permission android:name="android.permission.WAKE_LOCK" />
15-->[:firebase_messaging] AndroidManifest.xml:8:5-68
15-->[:firebase_messaging] AndroidManifest.xml:8:22-65
16    <uses-permission android:name="android.permission.ACCESS_NETWORK_STATE" /> <!-- Permissions options for the `notification` group -->
16-->[:firebase_messaging] AndroidManifest.xml:9:5-79
16-->[:firebase_messaging] AndroidManifest.xml:9:22-76
17    <uses-permission android:name="android.permission.POST_NOTIFICATIONS" /> <!-- Required by older versions of Google Play services to create IID tokens -->
17-->[:firebase_messaging] AndroidManifest.xml:11:5-77
17-->[:firebase_messaging] AndroidManifest.xml:11:22-74
18    <uses-permission android:name="com.google.android.c2dm.permission.RECEIVE" />
18-->[com.google.firebase:firebase-messaging:23.0.8] AndroidManifest.xml:29:5-82
18-->[com.google.firebase:firebase-messaging:23.0.8] AndroidManifest.xml:29:22-79
19
20    <application
21        android:name="android.app.Application"
22        android:appComponentFactory="androidx.core.app.CoreComponentFactory"
22-->[androidx.core:core:1.6.0] AndroidManifest.xml:24:18-86
23        android:debuggable="true"
24        android:icon="@mipmap/ic_launcher"
25        android:label="navi" >
26        <activity
27            android:name="com.example.navi.MainActivity"
28            android:configChanges="orientation|keyboardHidden|keyboard|screenSize|smallestScreenSize|locale|layoutDirection|fontScale|screenLayout|density|uiMode"
29            android:exported="true"
30            android:hardwareAccelerated="true"
31            android:launchMode="singleTop"
32            android:theme="@style/LaunchTheme"
33            android:windowSoftInputMode="adjustResize" >
34
35            <!--
36                 Specifies an Android theme to apply to this Activity as soon as
37                 the Android process has started. This theme is visible to the user
38                 while the Flutter UI initializes. After that, this theme continues
39                 to determine the Window background behind the Flutter UI.
40            -->
41            <meta-data
42                android:name="io.flutter.embedding.android.NormalTheme"
43                android:resource="@style/NormalTheme" />
44
45            <intent-filter>
46                <action android:name="android.intent.action.MAIN" />
47
48                <category android:name="android.intent.category.LAUNCHER" />
49            </intent-filter>
50        </activity>
51        <!--
52             Don't delete the meta-data below.
53             This is used by the Flutter tool to generate GeneratedPluginRegistrant.java
54        -->
55        <meta-data
56            android:name="flutterEmbedding"
57            android:value="2" />
58
59        <service
59-->[:firebase_auth] AndroidManifest.xml:8:9-12:19
60            android:name="com.google.firebase.components.ComponentDiscoveryService"
60-->[:firebase_auth] AndroidManifest.xml:8:18-89
61            android:directBootAware="true"
61-->[com.google.firebase:firebase-common:20.1.2] AndroidManifest.xml:35:13-43
62            android:exported="false" >
62-->[com.google.firebase:firebase-auth:21.0.8] AndroidManifest.xml:66:13-37
63            <meta-data
63-->[:firebase_auth] AndroidManifest.xml:9:13-11:85
64                android:name="com.google.firebase.components:io.flutter.plugins.firebase.auth.FlutterFirebaseAuthRegistrar"
64-->[:firebase_auth] AndroidManifest.xml:10:17-124
65                android:value="com.google.firebase.components.ComponentRegistrar" />
65-->[:firebase_auth] AndroidManifest.xml:11:17-82
66            <meta-data
66-->[:cloud_firestore] AndroidManifest.xml:9:13-11:85
67                android:name="com.google.firebase.components:io.flutter.plugins.firebase.firestore.FlutterFirebaseFirestoreRegistrar"
67-->[:cloud_firestore] AndroidManifest.xml:10:17-134
68                android:value="com.google.firebase.components.ComponentRegistrar" />
68-->[:cloud_firestore] AndroidManifest.xml:11:17-82
69            <meta-data
69-->[:firebase_messaging] AndroidManifest.xml:36:13-38:85
70                android:name="com.google.firebase.components:io.flutter.plugins.firebase.messaging.FlutterFirebaseAppRegistrar"
70-->[:firebase_messaging] AndroidManifest.xml:37:17-128
71                android:value="com.google.firebase.components.ComponentRegistrar" />
71-->[:firebase_messaging] AndroidManifest.xml:38:17-82
72            <meta-data
72-->[:firebase_core] AndroidManifest.xml:9:13-11:85
73                android:name="com.google.firebase.components:io.flutter.plugins.firebase.core.FlutterFirebaseCoreRegistrar"
73-->[:firebase_core] AndroidManifest.xml:10:17-124
74                android:value="com.google.firebase.components.ComponentRegistrar" />
74-->[:firebase_core] AndroidManifest.xml:11:17-82
75            <meta-data
75-->[com.google.firebase:firebase-auth:21.0.8] AndroidManifest.xml:67:13-69:85
76                android:name="com.google.firebase.components:com.google.firebase.auth.FirebaseAuthRegistrar"
76-->[com.google.firebase:firebase-auth:21.0.8] AndroidManifest.xml:68:17-109
77                android:value="com.google.firebase.components.ComponentRegistrar" />
77-->[com.google.firebase:firebase-auth:21.0.8] AndroidManifest.xml:69:17-82
78            <meta-data
78-->[com.google.firebase:firebase-firestore:24.3.1] AndroidManifest.xml:20:13-22:85
79                android:name="com.google.firebase.components:com.google.firebase.firestore.FirestoreRegistrar"
79-->[com.google.firebase:firebase-firestore:24.3.1] AndroidManifest.xml:21:17-111
80                android:value="com.google.firebase.components.ComponentRegistrar" />
80-->[com.google.firebase:firebase-firestore:24.3.1] AndroidManifest.xml:22:17-82
81            <meta-data
81-->[com.google.firebase:firebase-messaging:23.0.8] AndroidManifest.xml:56:13-58:85
82                android:name="com.google.firebase.components:com.google.firebase.messaging.FirebaseMessagingRegistrar"
82-->[com.google.firebase:firebase-messaging:23.0.8] AndroidManifest.xml:57:17-119
83                android:value="com.google.firebase.components.ComponentRegistrar" />
83-->[com.google.firebase:firebase-messaging:23.0.8] AndroidManifest.xml:58:17-82
84            <meta-data
84-->[com.google.firebase:firebase-datatransport:18.1.6] AndroidManifest.xml:28:13-30:85
85                android:name="com.google.firebase.components:com.google.firebase.datatransport.TransportRegistrar"
85-->[com.google.firebase:firebase-datatransport:18.1.6] AndroidManifest.xml:29:17-115
86                android:value="com.google.firebase.components.ComponentRegistrar" />
86-->[com.google.firebase:firebase-datatransport:18.1.6] AndroidManifest.xml:30:17-82
87            <meta-data
87-->[com.google.firebase:firebase-installations:17.0.3] AndroidManifest.xml:18:13-20:85
88                android:name="com.google.firebase.components:com.google.firebase.installations.FirebaseInstallationsRegistrar"
88-->[com.google.firebase:firebase-installations:17.0.3] AndroidManifest.xml:19:17-127
89                android:value="com.google.firebase.components.ComponentRegistrar" />
89-->[com.google.firebase:firebase-installations:17.0.3] AndroidManifest.xml:20:17-82
90        </service>
91        <service
91-->[:firebase_messaging] AndroidManifest.xml:14:9-17:72
92            android:name="io.flutter.plugins.firebase.messaging.FlutterFirebaseMessagingBackgroundService"
92-->[:firebase_messaging] AndroidManifest.xml:15:13-107
93            android:exported="false"
93-->[:firebase_messaging] AndroidManifest.xml:16:13-37
94            android:permission="android.permission.BIND_JOB_SERVICE" />
94-->[:firebase_messaging] AndroidManifest.xml:17:13-69
95        <service
95-->[:firebase_messaging] AndroidManifest.xml:18:9-24:19
96            android:name="io.flutter.plugins.firebase.messaging.FlutterFirebaseMessagingService"
96-->[:firebase_messaging] AndroidManifest.xml:19:13-97
97            android:exported="false" >
97-->[:firebase_messaging] AndroidManifest.xml:20:13-37
98            <intent-filter>
98-->[:firebase_messaging] AndroidManifest.xml:21:13-23:29
99                <action android:name="com.google.firebase.MESSAGING_EVENT" />
99-->[:firebase_messaging] AndroidManifest.xml:22:17-78
99-->[:firebase_messaging] AndroidManifest.xml:22:25-75
100            </intent-filter>
101        </service>
102
103        <receiver
103-->[:firebase_messaging] AndroidManifest.xml:26:9-33:20
104            android:name="io.flutter.plugins.firebase.messaging.FlutterFirebaseMessagingReceiver"
104-->[:firebase_messaging] AndroidManifest.xml:27:13-98
105            android:exported="true"
105-->[:firebase_messaging] AndroidManifest.xml:28:13-36
106            android:permission="com.google.android.c2dm.permission.SEND" >
106-->[:firebase_messaging] AndroidManifest.xml:29:13-73
107            <intent-filter>
107-->[:firebase_messaging] AndroidManifest.xml:30:13-32:29
108                <action android:name="com.google.android.c2dm.intent.RECEIVE" />
108-->[:firebase_messaging] AndroidManifest.xml:31:17-81
108-->[:firebase_messaging] AndroidManifest.xml:31:25-78
109            </intent-filter>
110        </receiver>
111
112        <provider
112-->[:firebase_messaging] AndroidManifest.xml:41:9-45:38
113            android:name="io.flutter.plugins.firebase.messaging.FlutterFirebaseMessagingInitProvider"
113-->[:firebase_messaging] AndroidManifest.xml:42:13-102
114            android:authorities="com.example.ccbyalu.flutterfirebasemessaginginitprovider"
114-->[:firebase_messaging] AndroidManifest.xml:43:13-88
115            android:exported="false"
115-->[:firebase_messaging] AndroidManifest.xml:44:13-37
116            android:initOrder="99" />
116-->[:firebase_messaging] AndroidManifest.xml:45:13-35
117
118        <uses-library
118-->[androidx.window:window:1.0.0-beta04] AndroidManifest.xml:25:9-27:40
119            android:name="androidx.window.extensions"
119-->[androidx.window:window:1.0.0-beta04] AndroidManifest.xml:26:13-54
120            android:required="false" />
120-->[androidx.window:window:1.0.0-beta04] AndroidManifest.xml:27:13-37
121        <uses-library
121-->[androidx.window:window:1.0.0-beta04] AndroidManifest.xml:28:9-30:40
122            android:name="androidx.window.sidecar"
122-->[androidx.window:window:1.0.0-beta04] AndroidManifest.xml:29:13-51
123            android:required="false" />
123-->[androidx.window:window:1.0.0-beta04] AndroidManifest.xml:30:13-37
124
125        <activity
125-->[com.google.firebase:firebase-auth:21.0.8] AndroidManifest.xml:27:9-44:20
126            android:name="com.google.firebase.auth.internal.GenericIdpActivity"
126-->[com.google.firebase:firebase-auth:21.0.8] AndroidManifest.xml:28:13-80
127            android:excludeFromRecents="true"
127-->[com.google.firebase:firebase-auth:21.0.8] AndroidManifest.xml:29:13-46
128            android:exported="true"
128-->[com.google.firebase:firebase-auth:21.0.8] AndroidManifest.xml:30:13-36
129            android:launchMode="singleTask"
129-->[com.google.firebase:firebase-auth:21.0.8] AndroidManifest.xml:31:13-44
130            android:theme="@android:style/Theme.Translucent.NoTitleBar" >
130-->[com.google.firebase:firebase-auth:21.0.8] AndroidManifest.xml:32:13-72
131            <intent-filter>
131-->[com.google.firebase:firebase-auth:21.0.8] AndroidManifest.xml:33:13-43:29
132                <action android:name="android.intent.action.VIEW" />
132-->[com.google.firebase:firebase-auth:21.0.8] AndroidManifest.xml:34:17-69
132-->[com.google.firebase:firebase-auth:21.0.8] AndroidManifest.xml:34:25-66
133
134                <category android:name="android.intent.category.DEFAULT" />
134-->[com.google.firebase:firebase-auth:21.0.8] AndroidManifest.xml:36:17-76
134-->[com.google.firebase:firebase-auth:21.0.8] AndroidManifest.xml:36:27-73
135                <category android:name="android.intent.category.BROWSABLE" />
135-->[com.google.firebase:firebase-auth:21.0.8] AndroidManifest.xml:37:17-78
135-->[com.google.firebase:firebase-auth:21.0.8] AndroidManifest.xml:37:27-75
136
137                <data
137-->[com.google.firebase:firebase-auth:21.0.8] AndroidManifest.xml:39:17-42:51
138                    android:host="firebase.auth"
138-->[com.google.firebase:firebase-auth:21.0.8] AndroidManifest.xml:40:21-49
139                    android:path="/"
139-->[com.google.firebase:firebase-auth:21.0.8] AndroidManifest.xml:41:21-37
140                    android:scheme="genericidp" />
140-->[com.google.firebase:firebase-auth:21.0.8] AndroidManifest.xml:42:21-48
141            </intent-filter>
142        </activity>
143        <activity
143-->[com.google.firebase:firebase-auth:21.0.8] AndroidManifest.xml:45:9-62:20
144            android:name="com.google.firebase.auth.internal.RecaptchaActivity"
144-->[com.google.firebase:firebase-auth:21.0.8] AndroidManifest.xml:46:13-79
145            android:excludeFromRecents="true"
145-->[com.google.firebase:firebase-auth:21.0.8] AndroidManifest.xml:47:13-46
146            android:exported="true"
146-->[com.google.firebase:firebase-auth:21.0.8] AndroidManifest.xml:48:13-36
147            android:launchMode="singleTask"
147-->[com.google.firebase:firebase-auth:21.0.8] AndroidManifest.xml:49:13-44
148            android:theme="@android:style/Theme.Translucent.NoTitleBar" >
148-->[com.google.firebase:firebase-auth:21.0.8] AndroidManifest.xml:50:13-72
149            <intent-filter>
149-->[com.google.firebase:firebase-auth:21.0.8] AndroidManifest.xml:51:13-61:29
150                <action android:name="android.intent.action.VIEW" />
150-->[com.google.firebase:firebase-auth:21.0.8] AndroidManifest.xml:34:17-69
150-->[com.google.firebase:firebase-auth:21.0.8] AndroidManifest.xml:34:25-66
151
152                <category android:name="android.intent.category.DEFAULT" />
152-->[com.google.firebase:firebase-auth:21.0.8] AndroidManifest.xml:36:17-76
152-->[com.google.firebase:firebase-auth:21.0.8] AndroidManifest.xml:36:27-73
153                <category android:name="android.intent.category.BROWSABLE" />
153-->[com.google.firebase:firebase-auth:21.0.8] AndroidManifest.xml:37:17-78
153-->[com.google.firebase:firebase-auth:21.0.8] AndroidManifest.xml:37:27-75
154
155                <data
155-->[com.google.firebase:firebase-auth:21.0.8] AndroidManifest.xml:39:17-42:51
156                    android:host="firebase.auth"
156-->[com.google.firebase:firebase-auth:21.0.8] AndroidManifest.xml:40:21-49
157                    android:path="/"
157-->[com.google.firebase:firebase-auth:21.0.8] AndroidManifest.xml:41:21-37
158                    android:scheme="recaptcha" />
158-->[com.google.firebase:firebase-auth:21.0.8] AndroidManifest.xml:42:21-48
159            </intent-filter>
160        </activity>
161
162        <receiver
162-->[com.google.firebase:firebase-messaging:23.0.8] AndroidManifest.xml:32:9-39:20
163            android:name="com.google.firebase.iid.FirebaseInstanceIdReceiver"
163-->[com.google.firebase:firebase-messaging:23.0.8] AndroidManifest.xml:33:13-78
164            android:exported="true"
164-->[com.google.firebase:firebase-messaging:23.0.8] AndroidManifest.xml:34:13-36
165            android:permission="com.google.android.c2dm.permission.SEND" >
165-->[com.google.firebase:firebase-messaging:23.0.8] AndroidManifest.xml:35:13-73
166            <intent-filter>
166-->[:firebase_messaging] AndroidManifest.xml:30:13-32:29
167                <action android:name="com.google.android.c2dm.intent.RECEIVE" />
167-->[:firebase_messaging] AndroidManifest.xml:31:17-81
167-->[:firebase_messaging] AndroidManifest.xml:31:25-78
168            </intent-filter>
169        </receiver>
170        <!--
171             FirebaseMessagingService performs security checks at runtime,
172             but set to not exported to explicitly avoid allowing another app to call it.
173        -->
174        <service
174-->[com.google.firebase:firebase-messaging:23.0.8] AndroidManifest.xml:45:9-52:19
175            android:name="com.google.firebase.messaging.FirebaseMessagingService"
175-->[com.google.firebase:firebase-messaging:23.0.8] AndroidManifest.xml:46:13-82
176            android:directBootAware="true"
176-->[com.google.firebase:firebase-messaging:23.0.8] AndroidManifest.xml:47:13-43
177            android:exported="false" >
177-->[com.google.firebase:firebase-messaging:23.0.8] AndroidManifest.xml:48:13-37
178            <intent-filter android:priority="-500" >
178-->[:firebase_messaging] AndroidManifest.xml:21:13-23:29
179                <action android:name="com.google.firebase.MESSAGING_EVENT" />
179-->[:firebase_messaging] AndroidManifest.xml:22:17-78
179-->[:firebase_messaging] AndroidManifest.xml:22:25-75
180            </intent-filter>
181        </service>
182
183        <provider
183-->[com.google.firebase:firebase-common:20.1.2] AndroidManifest.xml:26:9-31:39
184            android:name="com.google.firebase.provider.FirebaseInitProvider"
184-->[com.google.firebase:firebase-common:20.1.2] AndroidManifest.xml:27:13-77
185            android:authorities="com.example.ccbyalu.firebaseinitprovider"
185-->[com.google.firebase:firebase-common:20.1.2] AndroidManifest.xml:28:13-72
186            android:directBootAware="true"
186-->[com.google.firebase:firebase-common:20.1.2] AndroidManifest.xml:29:13-43
187            android:exported="false"
187-->[com.google.firebase:firebase-common:20.1.2] AndroidManifest.xml:30:13-37
188            android:initOrder="100" />
188-->[com.google.firebase:firebase-common:20.1.2] AndroidManifest.xml:31:13-36
189
190        <activity
190-->[com.google.android.gms:play-services-base:18.0.1] AndroidManifest.xml:20:9-22:45
191            android:name="com.google.android.gms.common.api.GoogleApiActivity"
191-->[com.google.android.gms:play-services-base:18.0.1] AndroidManifest.xml:20:19-85
192            android:exported="false"
192-->[com.google.android.gms:play-services-base:18.0.1] AndroidManifest.xml:22:19-43
193            android:theme="@android:style/Theme.Translucent.NoTitleBar" />
193-->[com.google.android.gms:play-services-base:18.0.1] AndroidManifest.xml:21:19-78
194
195        <meta-data
195-->[com.google.android.gms:play-services-basement:18.1.0] AndroidManifest.xml:21:9-23:69
196            android:name="com.google.android.gms.version"
196-->[com.google.android.gms:play-services-basement:18.1.0] AndroidManifest.xml:22:13-58
197            android:value="@integer/google_play_services_version" />
197-->[com.google.android.gms:play-services-basement:18.1.0] AndroidManifest.xml:23:13-66
198
199        <service
199-->[com.google.android.datatransport:transport-backend-cct:3.1.7] AndroidManifest.xml:29:9-35:19
200            android:name="com.google.android.datatransport.runtime.backends.TransportBackendDiscovery"
200-->[com.google.android.datatransport:transport-backend-cct:3.1.7] AndroidManifest.xml:30:13-103
201            android:exported="false" >
201-->[com.google.android.datatransport:transport-backend-cct:3.1.7] AndroidManifest.xml:31:13-37
202            <meta-data
202-->[com.google.android.datatransport:transport-backend-cct:3.1.7] AndroidManifest.xml:32:13-34:39
203                android:name="backend:com.google.android.datatransport.cct.CctBackendFactory"
203-->[com.google.android.datatransport:transport-backend-cct:3.1.7] AndroidManifest.xml:33:17-94
204                android:value="cct" />
204-->[com.google.android.datatransport:transport-backend-cct:3.1.7] AndroidManifest.xml:34:17-36
205        </service>
206        <service
206-->[com.google.android.datatransport:transport-runtime:3.1.7] AndroidManifest.xml:26:9-30:19
207            android:name="com.google.android.datatransport.runtime.scheduling.jobscheduling.JobInfoSchedulerService"
207-->[com.google.android.datatransport:transport-runtime:3.1.7] AndroidManifest.xml:27:13-117
208            android:exported="false"
208-->[com.google.android.datatransport:transport-runtime:3.1.7] AndroidManifest.xml:28:13-37
209            android:permission="android.permission.BIND_JOB_SERVICE" >
209-->[com.google.android.datatransport:transport-runtime:3.1.7] AndroidManifest.xml:29:13-69
210        </service>
211
212        <receiver
212-->[com.google.android.datatransport:transport-runtime:3.1.7] AndroidManifest.xml:32:9-34:40
213            android:name="com.google.android.datatransport.runtime.scheduling.jobscheduling.AlarmManagerSchedulerBroadcastReceiver"
213-->[com.google.android.datatransport:transport-runtime:3.1.7] AndroidManifest.xml:33:13-132
214            android:exported="false" />
214-->[com.google.android.datatransport:transport-runtime:3.1.7] AndroidManifest.xml:34:13-37
215    </application>
216
217</manifest>